{
  "stats": {
    "suites": 1,
    "tests": 1,
    "passes": 1,
    "pending": 0,
    "failures": 0,
    "start": "2024-04-12T23:01:36.495Z",
    "end": "2024-04-12T23:01:41.957Z",
    "duration": 5462,
    "testsRegistered": 1,
    "passPercent": 100,
    "pendingPercent": 0,
    "other": 0,
    "hasOther": false,
    "skipped": 0,
    "hasSkipped": false
  },
  "results": [
    {
      "uuid": "a95f9802-1f57-4123-96ab-ec4146fcb428",
      "title": "",
      "fullFile": "cypress\\e2e\\Cadastro\\cadastroPageObjects.cy.js",
      "file": "cypress\\e2e\\Cadastro\\cadastroPageObjects.cy.js",
      "beforeHooks": [],
      "afterHooks": [],
      "tests": [],
      "suites": [
        {
          "uuid": "930c054a-4e82-49b9-870a-af9244053a08",
          "title": "Given - Dado que visito a Loja EBAC na página minha-conta",
          "fullFile": "",
          "file": "",
          "beforeHooks": [],
          "afterHooks": [],
          "tests": [
            {
              "title": "Then - Então deve aparecer cadastrado com sucesso",
              "fullTitle": "Given - Dado que visito a Loja EBAC na página minha-conta Then - Então deve aparecer cadastrado com sucesso",
              "timedOut": null,
              "duration": 5435,
              "state": "passed",
              "speed": "medium",
              "pass": true,
              "fail": false,
              "pending": false,
              "context": null,
              "code": "cy.location('pathname').should('be.equal', '/minha-conta/');\ncy.contains('h1', 'Minha conta').should('be.visible');",
              "err": {},
              "uuid": "356908f8-7947-4f7b-80af-db2f10ac9cc9",
              "parentUUID": "930c054a-4e82-49b9-870a-af9244053a08",
              "isHook": false,
              "skipped": false
            }
          ],
          "suites": [],
          "passes": [
            "356908f8-7947-4f7b-80af-db2f10ac9cc9"
          ],
          "failures": [],
          "pending": [],
          "skipped": [],
          "duration": 5435,
          "root": false,
          "rootEmpty": false,
          "_timeout": 2000
        }
      ],
      "passes": [],
      "failures": [],
      "pending": [],
      "skipped": [],
      "duration": 0,
      "root": true,
      "rootEmpty": true,
      "_timeout": 2000
    }
  ],
  "meta": {
    "mocha": {
      "version": "7.0.1"
    },
    "mochawesome": {
      "options": {
        "quiet": false,
        "reportFilename": "[name]-result",
        "saveHtml": true,
        "saveJson": true,
        "consoleReporter": "spec",
        "useInlineDiffs": false,
        "code": true
      },
      "version": "7.1.3"
    },
    "marge": {
      "options": {
        "reportFilename": "[name]-result",
        "html": true
      },
      "version": "6.2.0"
    }
  }
}