{
  "stats": {
    "suites": 1,
    "tests": 1,
    "passes": 1,
    "pending": 0,
    "failures": 0,
    "start": "2024-04-12T23:02:03.427Z",
    "end": "2024-04-12T23:02:08.379Z",
    "duration": 4952,
    "testsRegistered": 1,
    "passPercent": 100,
    "pendingPercent": 0,
    "other": 0,
    "hasOther": false,
    "skipped": 0,
    "hasSkipped": false
  },
  "results": [
    {
      "uuid": "422667eb-fcbe-4648-98e6-aa735e425224",
      "title": "",
      "fullFile": "cypress\\e2e\\Intercept\\carrinho.cy.js",
      "file": "cypress\\e2e\\Intercept\\carrinho.cy.js",
      "beforeHooks": [],
      "afterHooks": [],
      "tests": [],
      "suites": [
        {
          "uuid": "565e32a1-c58f-4633-b344-161a8ab6961f",
          "title": "Utilize o intercept para simular e validar respostas dadas pela API",
          "fullFile": "",
          "file": "",
          "beforeHooks": [],
          "afterHooks": [],
          "tests": [
            {
              "title": "Verifique se o produto foi atualizado corretamente",
              "fullTitle": "Utilize o intercept para simular e validar respostas dadas pela API Verifique se o produto foi atualizado corretamente",
              "timedOut": null,
              "duration": 4904,
              "state": "passed",
              "speed": "fast",
              "pass": true,
              "fail": false,
              "pending": false,
              "context": null,
              "code": "cy.intercept('GET', '**/public/getProducts?limit=10&skip=0', {\n  fixture: 'categories.json'\n}).as('updateproduto');\ncarrinhoPage.addproduto();\ncarrinhoPage.updateCarrinho();\ncarrinhoPage.updateCarrinho().should('be.visible');",
              "err": {},
              "uuid": "92fa3503-dd1c-42c7-8407-c1267fa8c09c",
              "parentUUID": "565e32a1-c58f-4633-b344-161a8ab6961f",
              "isHook": false,
              "skipped": false
            }
          ],
          "suites": [],
          "passes": [
            "92fa3503-dd1c-42c7-8407-c1267fa8c09c"
          ],
          "failures": [],
          "pending": [],
          "skipped": [],
          "duration": 4904,
          "root": false,
          "rootEmpty": false,
          "_timeout": 2000
        }
      ],
      "passes": [],
      "failures": [],
      "pending": [],
      "skipped": [],
      "duration": 0,
      "root": true,
      "rootEmpty": true,
      "_timeout": 2000
    }
  ],
  "meta": {
    "mocha": {
      "version": "7.0.1"
    },
    "mochawesome": {
      "options": {
        "quiet": false,
        "reportFilename": "[name]-result",
        "saveHtml": true,
        "saveJson": true,
        "consoleReporter": "spec",
        "useInlineDiffs": false,
        "code": true
      },
      "version": "7.1.3"
    },
    "marge": {
      "options": {
        "reportFilename": "[name]-result",
        "html": true
      },
      "version": "6.2.0"
    }
  }
}