{
  "stats": {
    "suites": 1,
    "tests": 1,
    "passes": 1,
    "pending": 0,
    "failures": 0,
    "start": "2024-05-28T23:03:17.329Z",
    "end": "2024-05-28T23:03:33.666Z",
    "duration": 16337,
    "testsRegistered": 1,
    "passPercent": 100,
    "pendingPercent": 0,
    "other": 0,
    "hasOther": false,
    "skipped": 0,
    "hasSkipped": false
  },
  "results": [
    {
      "uuid": "e41873ca-b24b-4f8f-8e77-04055c311648",
      "title": "",
      "fullFile": "cypress\\e2e\\ckeckoutAppActions.cy.js",
      "file": "cypress\\e2e\\ckeckoutAppActions.cy.js",
      "beforeHooks": [],
      "afterHooks": [],
      "tests": [],
      "suites": [
        {
          "uuid": "44bee314-4fe4-4dfd-a076-982be6a6db3d",
          "title": "Checkout",
          "fullFile": "",
          "file": "",
          "beforeHooks": [],
          "afterHooks": [],
          "tests": [
            {
              "title": "adicionar um produto ao carrinho e finalizar a compra",
              "fullTitle": "Checkout adicionar um produto ao carrinho e finalizar a compra",
              "timedOut": null,
              "duration": 16273,
              "state": "passed",
              "speed": "slow",
              "pass": true,
              "fail": false,
              "pending": false,
              "context": null,
              "code": "cy.addProducts('Ajax Full-Zip Sweatshirt', 'M', 'Blue', '2');\nprodutos.preencherCheckout(dadosprodutos[0].nome, dadosprodutos[0].sobrenome, dadosprodutos[0].empresa, dadosprodutos[0].pais, dadosprodutos[0].endereco, dadosprodutos[0].complemento, dadosprodutos[0].cidade, dadosprodutos[0].estado, dadosprodutos[0].cep, dadosprodutos[0].telefone, dadosprodutos[0].email);",
              "err": {},
              "uuid": "70b57a60-3272-4e00-9c40-709c9906d2b3",
              "parentUUID": "44bee314-4fe4-4dfd-a076-982be6a6db3d",
              "isHook": false,
              "skipped": false
            }
          ],
          "suites": [],
          "passes": [
            "70b57a60-3272-4e00-9c40-709c9906d2b3"
          ],
          "failures": [],
          "pending": [],
          "skipped": [],
          "duration": 16273,
          "root": false,
          "rootEmpty": false,
          "_timeout": 2000
        }
      ],
      "passes": [],
      "failures": [],
      "pending": [],
      "skipped": [],
      "duration": 0,
      "root": true,
      "rootEmpty": true,
      "_timeout": 2000
    }
  ],
  "meta": {
    "mocha": {
      "version": "7.0.1"
    },
    "mochawesome": {
      "options": {
        "quiet": false,
        "reportFilename": "[name]-result",
        "saveHtml": true,
        "saveJson": true,
        "consoleReporter": "spec",
        "useInlineDiffs": false,
        "code": true
      },
      "version": "7.1.3"
    },
    "marge": {
      "options": {
        "reportFilename": "[name]-result",
        "html": true
      },
      "version": "6.2.0"
    }
  }
}