{
  "stats": {
    "suites": 2,
    "tests": 1,
    "passes": 1,
    "pending": 0,
    "failures": 0,
    "start": "2024-04-12T23:02:09.982Z",
    "end": "2024-04-12T23:02:13.092Z",
    "duration": 3110,
    "testsRegistered": 1,
    "passPercent": 100,
    "pendingPercent": 0,
    "other": 0,
    "hasOther": false,
    "skipped": 0,
    "hasSkipped": false
  },
  "results": [
    {
      "uuid": "a745f886-039d-4868-b629-09c879435b99",
      "title": "",
      "fullFile": "cypress\\e2e\\Login\\login.cy.js",
      "file": "cypress\\e2e\\Login\\login.cy.js",
      "beforeHooks": [],
      "afterHooks": [],
      "tests": [],
      "suites": [
        {
          "uuid": "329c2bfd-a970-4a98-8cb4-674c9af80bbd",
          "title": "Dado que estou na pagina inicial",
          "fullFile": "",
          "file": "",
          "beforeHooks": [],
          "afterHooks": [],
          "tests": [],
          "suites": [
            {
              "uuid": "1d433eca-0a86-4bf8-83ac-9a603bc23d70",
              "title": "Quando eu faço login",
              "fullFile": "",
              "file": "",
              "beforeHooks": [],
              "afterHooks": [],
              "tests": [
                {
                  "title": "Então o nome do usuário deve aparecer na página de perfil",
                  "fullTitle": "Dado que estou na pagina inicial Quando eu faço login Então o nome do usuário deve aparecer na página de perfil",
                  "timedOut": null,
                  "duration": 3063,
                  "state": "passed",
                  "speed": "fast",
                  "pass": true,
                  "fail": false,
                  "pending": false,
                  "context": null,
                  "code": "profilePage.customerName().should('have.text', 'EBAC Cliente');",
                  "err": {},
                  "uuid": "99aabfa8-6d5e-4fe4-af29-b90643901da1",
                  "parentUUID": "1d433eca-0a86-4bf8-83ac-9a603bc23d70",
                  "isHook": false,
                  "skipped": false
                }
              ],
              "suites": [],
              "passes": [
                "99aabfa8-6d5e-4fe4-af29-b90643901da1"
              ],
              "failures": [],
              "pending": [],
              "skipped": [],
              "duration": 3063,
              "root": false,
              "rootEmpty": false,
              "_timeout": 2000
            }
          ],
          "passes": [],
          "failures": [],
          "pending": [],
          "skipped": [],
          "duration": 0,
          "root": false,
          "rootEmpty": false,
          "_timeout": 2000
        }
      ],
      "passes": [],
      "failures": [],
      "pending": [],
      "skipped": [],
      "duration": 0,
      "root": true,
      "rootEmpty": true,
      "_timeout": 2000
    }
  ],
  "meta": {
    "mocha": {
      "version": "7.0.1"
    },
    "mochawesome": {
      "options": {
        "quiet": false,
        "reportFilename": "[name]-result",
        "saveHtml": true,
        "saveJson": true,
        "consoleReporter": "spec",
        "useInlineDiffs": false,
        "code": true
      },
      "version": "7.1.3"
    },
    "marge": {
      "options": {
        "reportFilename": "[name]-result",
        "html": true
      },
      "version": "6.2.0"
    }
  }
}