{
  "stats": {
    "suites": 2,
    "tests": 1,
    "passes": 1,
    "pending": 0,
    "failures": 0,
    "start": "2024-05-28T23:03:34.958Z",
    "end": "2024-05-28T23:03:40.259Z",
    "duration": 5301,
    "testsRegistered": 1,
    "passPercent": 100,
    "pendingPercent": 0,
    "other": 0,
    "hasOther": false,
    "skipped": 0,
    "hasSkipped": false
  },
  "results": [
    {
      "uuid": "53883046-7cc4-4f8d-8bce-ce4c142f24b3",
      "title": "",
      "fullFile": "cypress\\e2e\\Login.cy.js",
      "file": "cypress\\e2e\\Login.cy.js",
      "beforeHooks": [],
      "afterHooks": [],
      "tests": [],
      "suites": [
        {
          "uuid": "3dfdfb2a-5013-4a91-b522-7b80b733f9b1",
          "title": "Dado que estou na pagina inicial",
          "fullFile": "",
          "file": "",
          "beforeHooks": [],
          "afterHooks": [],
          "tests": [],
          "suites": [
            {
              "uuid": "a2943483-a69b-41c3-924f-85c456065f7a",
              "title": "Quando eu faço login",
              "fullFile": "",
              "file": "",
              "beforeHooks": [],
              "afterHooks": [],
              "tests": [
                {
                  "title": "Então o nome do usuário deve aparecer na página de perfil",
                  "fullTitle": "Dado que estou na pagina inicial Quando eu faço login Então o nome do usuário deve aparecer na página de perfil",
                  "timedOut": null,
                  "duration": 5243,
                  "state": "passed",
                  "speed": "medium",
                  "pass": true,
                  "fail": false,
                  "pending": false,
                  "context": null,
                  "code": "profilePage.customerName().should('have.text', 'EBAC JU');",
                  "err": {},
                  "uuid": "6d87efb6-a69c-4567-9b7e-000b25811b13",
                  "parentUUID": "a2943483-a69b-41c3-924f-85c456065f7a",
                  "isHook": false,
                  "skipped": false
                }
              ],
              "suites": [],
              "passes": [
                "6d87efb6-a69c-4567-9b7e-000b25811b13"
              ],
              "failures": [],
              "pending": [],
              "skipped": [],
              "duration": 5243,
              "root": false,
              "rootEmpty": false,
              "_timeout": 2000
            }
          ],
          "passes": [],
          "failures": [],
          "pending": [],
          "skipped": [],
          "duration": 0,
          "root": false,
          "rootEmpty": false,
          "_timeout": 2000
        }
      ],
      "passes": [],
      "failures": [],
      "pending": [],
      "skipped": [],
      "duration": 0,
      "root": true,
      "rootEmpty": true,
      "_timeout": 2000
    }
  ],
  "meta": {
    "mocha": {
      "version": "7.0.1"
    },
    "mochawesome": {
      "options": {
        "quiet": false,
        "reportFilename": "[name]-result",
        "saveHtml": true,
        "saveJson": true,
        "consoleReporter": "spec",
        "useInlineDiffs": false,
        "code": true
      },
      "version": "7.1.3"
    },
    "marge": {
      "options": {
        "reportFilename": "[name]-result",
        "html": true
      },
      "version": "6.2.0"
    }
  }
}