{
  "stats": {
    "suites": 12,
    "tests": 12,
    "passes": 12,
    "pending": 0,
    "failures": 0,
    "testsRegistered": 12,
    "passPercent": 100,
    "pendingPercent": 0,
    "other": 0,
    "hasOther": false,
    "skipped": 0,
    "hasSkipped": false,
    "start": "2024-04-12T23:01:36.495Z",
    "end": "2024-04-12T23:02:13.092Z",
    "duration": 36597
  },
  "results": [
    {
      "uuid": "a95f9802-1f57-4123-96ab-ec4146fcb428",
      "title": "",
      "fullFile": "cypress\\e2e\\Cadastro\\cadastroPageObjects.cy.js",
      "file": "cypress\\e2e\\Cadastro\\cadastroPageObjects.cy.js",
      "beforeHooks": [],
      "afterHooks": [],
      "tests": [],
      "suites": [
        {
          "uuid": "930c054a-4e82-49b9-870a-af9244053a08",
          "title": "Given - Dado que visito a Loja EBAC na página minha-conta",
          "fullFile": "",
          "file": "",
          "beforeHooks": [],
          "afterHooks": [],
          "tests": [
            {
              "title": "Then - Então deve aparecer cadastrado com sucesso",
              "fullTitle": "Given - Dado que visito a Loja EBAC na página minha-conta Then - Então deve aparecer cadastrado com sucesso",
              "timedOut": null,
              "duration": 5435,
              "state": "passed",
              "speed": "medium",
              "pass": true,
              "fail": false,
              "pending": false,
              "context": null,
              "code": "cy.location('pathname').should('be.equal', '/minha-conta/');\ncy.contains('h1', 'Minha conta').should('be.visible');",
              "err": {},
              "uuid": "356908f8-7947-4f7b-80af-db2f10ac9cc9",
              "parentUUID": "930c054a-4e82-49b9-870a-af9244053a08",
              "isHook": false,
              "skipped": false
            }
          ],
          "suites": [],
          "passes": [
            "356908f8-7947-4f7b-80af-db2f10ac9cc9"
          ],
          "failures": [],
          "pending": [],
          "skipped": [],
          "duration": 5435,
          "root": false,
          "rootEmpty": false,
          "_timeout": 2000
        }
      ],
      "passes": [],
      "failures": [],
      "pending": [],
      "skipped": [],
      "duration": 0,
      "root": true,
      "rootEmpty": true,
      "_timeout": 2000
    },
    {
      "uuid": "422667eb-fcbe-4648-98e6-aa735e425224",
      "title": "",
      "fullFile": "cypress\\e2e\\Intercept\\carrinho.cy.js",
      "file": "cypress\\e2e\\Intercept\\carrinho.cy.js",
      "beforeHooks": [],
      "afterHooks": [],
      "tests": [],
      "suites": [
        {
          "uuid": "565e32a1-c58f-4633-b344-161a8ab6961f",
          "title": "Utilize o intercept para simular e validar respostas dadas pela API",
          "fullFile": "",
          "file": "",
          "beforeHooks": [],
          "afterHooks": [],
          "tests": [
            {
              "title": "Verifique se o produto foi atualizado corretamente",
              "fullTitle": "Utilize o intercept para simular e validar respostas dadas pela API Verifique se o produto foi atualizado corretamente",
              "timedOut": null,
              "duration": 4904,
              "state": "passed",
              "speed": "fast",
              "pass": true,
              "fail": false,
              "pending": false,
              "context": null,
              "code": "cy.intercept('GET', '**/public/getProducts?limit=10&skip=0', {\n  fixture: 'categories.json'\n}).as('updateproduto');\ncarrinhoPage.addproduto();\ncarrinhoPage.updateCarrinho();\ncarrinhoPage.updateCarrinho().should('be.visible');",
              "err": {},
              "uuid": "92fa3503-dd1c-42c7-8407-c1267fa8c09c",
              "parentUUID": "565e32a1-c58f-4633-b344-161a8ab6961f",
              "isHook": false,
              "skipped": false
            }
          ],
          "suites": [],
          "passes": [
            "92fa3503-dd1c-42c7-8407-c1267fa8c09c"
          ],
          "failures": [],
          "pending": [],
          "skipped": [],
          "duration": 4904,
          "root": false,
          "rootEmpty": false,
          "_timeout": 2000
        }
      ],
      "passes": [],
      "failures": [],
      "pending": [],
      "skipped": [],
      "duration": 0,
      "root": true,
      "rootEmpty": true,
      "_timeout": 2000
    },
    {
      "uuid": "b4564c7a-e6e5-4418-89e4-048be2b76644",
      "title": "",
      "fullFile": "cypress\\e2e\\Checkout\\ckeckoutAppActions.cy.js",
      "file": "cypress\\e2e\\Checkout\\ckeckoutAppActions.cy.js",
      "beforeHooks": [],
      "afterHooks": [],
      "tests": [],
      "suites": [
        {
          "uuid": "ea229612-7402-4896-854d-5591951c28a0",
          "title": "Checkout",
          "fullFile": "",
          "file": "",
          "beforeHooks": [],
          "afterHooks": [],
          "tests": [
            {
              "title": "adicionar um produto ao carrinho e finalizar a compra",
              "fullTitle": "Checkout adicionar um produto ao carrinho e finalizar a compra",
              "timedOut": null,
              "duration": 18255,
              "state": "passed",
              "speed": "slow",
              "pass": true,
              "fail": false,
              "pending": false,
              "context": null,
              "code": "cy.addProducts('Ajax Full-Zip Sweatshirt', 'M', 'Blue', '2');\nprodutos.preencherCheckout(dadosprodutos[0].nome, dadosprodutos[0].sobrenome, dadosprodutos[0].empresa, dadosprodutos[0].pais, dadosprodutos[0].endereco, dadosprodutos[0].complemento, dadosprodutos[0].cidade, dadosprodutos[0].estado, dadosprodutos[0].cep, dadosprodutos[0].telefone, dadosprodutos[0].email);\ncy.get('.woocommerce-notice').should('contain', 'Obrigado. Seu pedido foi recebido.');",
              "err": {},
              "uuid": "5feca424-d9c3-4554-8f1f-0048a4606b18",
              "parentUUID": "ea229612-7402-4896-854d-5591951c28a0",
              "isHook": false,
              "skipped": false
            }
          ],
          "suites": [],
          "passes": [
            "5feca424-d9c3-4554-8f1f-0048a4606b18"
          ],
          "failures": [],
          "pending": [],
          "skipped": [],
          "duration": 18255,
          "root": false,
          "rootEmpty": false,
          "_timeout": 2000
        }
      ],
      "passes": [],
      "failures": [],
      "pending": [],
      "skipped": [],
      "duration": 0,
      "root": true,
      "rootEmpty": true,
      "_timeout": 2000
    },
    {
      "uuid": "a745f886-039d-4868-b629-09c879435b99",
      "title": "",
      "fullFile": "cypress\\e2e\\Login\\login.cy.js",
      "file": "cypress\\e2e\\Login\\login.cy.js",
      "beforeHooks": [],
      "afterHooks": [],
      "tests": [],
      "suites": [
        {
          "uuid": "329c2bfd-a970-4a98-8cb4-674c9af80bbd",
          "title": "Dado que estou na pagina inicial",
          "fullFile": "",
          "file": "",
          "beforeHooks": [],
          "afterHooks": [],
          "tests": [],
          "suites": [
            {
              "uuid": "1d433eca-0a86-4bf8-83ac-9a603bc23d70",
              "title": "Quando eu faço login",
              "fullFile": "",
              "file": "",
              "beforeHooks": [],
              "afterHooks": [],
              "tests": [
                {
                  "title": "Então o nome do usuário deve aparecer na página de perfil",
                  "fullTitle": "Dado que estou na pagina inicial Quando eu faço login Então o nome do usuário deve aparecer na página de perfil",
                  "timedOut": null,
                  "duration": 3063,
                  "state": "passed",
                  "speed": "fast",
                  "pass": true,
                  "fail": false,
                  "pending": false,
                  "context": null,
                  "code": "profilePage.customerName().should('have.text', 'EBAC Cliente');",
                  "err": {},
                  "uuid": "99aabfa8-6d5e-4fe4-af29-b90643901da1",
                  "parentUUID": "1d433eca-0a86-4bf8-83ac-9a603bc23d70",
                  "isHook": false,
                  "skipped": false
                }
              ],
              "suites": [],
              "passes": [
                "99aabfa8-6d5e-4fe4-af29-b90643901da1"
              ],
              "failures": [],
              "pending": [],
              "skipped": [],
              "duration": 3063,
              "root": false,
              "rootEmpty": false,
              "_timeout": 2000
            }
          ],
          "passes": [],
          "failures": [],
          "pending": [],
          "skipped": [],
          "duration": 0,
          "root": false,
          "rootEmpty": false,
          "_timeout": 2000
        }
      ],
      "passes": [],
      "failures": [],
      "pending": [],
      "skipped": [],
      "duration": 0,
      "root": true,
      "rootEmpty": true,
      "_timeout": 2000
    },
    {
      "uuid": "a95f9802-1f57-4123-96ab-ec4146fcb428",
      "title": "",
      "fullFile": "cypress\\e2e\\Cadastro\\cadastroPageObjects.cy.js",
      "file": "cypress\\e2e\\Cadastro\\cadastroPageObjects.cy.js",
      "beforeHooks": [],
      "afterHooks": [],
      "tests": [],
      "suites": [
        {
          "uuid": "930c054a-4e82-49b9-870a-af9244053a08",
          "title": "Given - Dado que visito a Loja EBAC na página minha-conta",
          "fullFile": "",
          "file": "",
          "beforeHooks": [],
          "afterHooks": [],
          "tests": [
            {
              "title": "Then - Então deve aparecer cadastrado com sucesso",
              "fullTitle": "Given - Dado que visito a Loja EBAC na página minha-conta Then - Então deve aparecer cadastrado com sucesso",
              "timedOut": null,
              "duration": 5435,
              "state": "passed",
              "speed": "medium",
              "pass": true,
              "fail": false,
              "pending": false,
              "context": null,
              "code": "cy.location('pathname').should('be.equal', '/minha-conta/');\ncy.contains('h1', 'Minha conta').should('be.visible');",
              "err": {},
              "uuid": "356908f8-7947-4f7b-80af-db2f10ac9cc9",
              "parentUUID": "930c054a-4e82-49b9-870a-af9244053a08",
              "isHook": false,
              "skipped": false
            }
          ],
          "suites": [],
          "passes": [
            "356908f8-7947-4f7b-80af-db2f10ac9cc9"
          ],
          "failures": [],
          "pending": [],
          "skipped": [],
          "duration": 5435,
          "root": false,
          "rootEmpty": false,
          "_timeout": 2000
        }
      ],
      "passes": [],
      "failures": [],
      "pending": [],
      "skipped": [],
      "duration": 0,
      "root": true,
      "rootEmpty": true,
      "_timeout": 2000
    },
    {
      "uuid": "422667eb-fcbe-4648-98e6-aa735e425224",
      "title": "",
      "fullFile": "cypress\\e2e\\Intercept\\carrinho.cy.js",
      "file": "cypress\\e2e\\Intercept\\carrinho.cy.js",
      "beforeHooks": [],
      "afterHooks": [],
      "tests": [],
      "suites": [
        {
          "uuid": "565e32a1-c58f-4633-b344-161a8ab6961f",
          "title": "Utilize o intercept para simular e validar respostas dadas pela API",
          "fullFile": "",
          "file": "",
          "beforeHooks": [],
          "afterHooks": [],
          "tests": [
            {
              "title": "Verifique se o produto foi atualizado corretamente",
              "fullTitle": "Utilize o intercept para simular e validar respostas dadas pela API Verifique se o produto foi atualizado corretamente",
              "timedOut": null,
              "duration": 4904,
              "state": "passed",
              "speed": "fast",
              "pass": true,
              "fail": false,
              "pending": false,
              "context": null,
              "code": "cy.intercept('GET', '**/public/getProducts?limit=10&skip=0', {\n  fixture: 'categories.json'\n}).as('updateproduto');\ncarrinhoPage.addproduto();\ncarrinhoPage.updateCarrinho();\ncarrinhoPage.updateCarrinho().should('be.visible');",
              "err": {},
              "uuid": "92fa3503-dd1c-42c7-8407-c1267fa8c09c",
              "parentUUID": "565e32a1-c58f-4633-b344-161a8ab6961f",
              "isHook": false,
              "skipped": false
            }
          ],
          "suites": [],
          "passes": [
            "92fa3503-dd1c-42c7-8407-c1267fa8c09c"
          ],
          "failures": [],
          "pending": [],
          "skipped": [],
          "duration": 4904,
          "root": false,
          "rootEmpty": false,
          "_timeout": 2000
        }
      ],
      "passes": [],
      "failures": [],
      "pending": [],
      "skipped": [],
      "duration": 0,
      "root": true,
      "rootEmpty": true,
      "_timeout": 2000
    },
    {
      "uuid": "b4564c7a-e6e5-4418-89e4-048be2b76644",
      "title": "",
      "fullFile": "cypress\\e2e\\Checkout\\ckeckoutAppActions.cy.js",
      "file": "cypress\\e2e\\Checkout\\ckeckoutAppActions.cy.js",
      "beforeHooks": [],
      "afterHooks": [],
      "tests": [],
      "suites": [
        {
          "uuid": "ea229612-7402-4896-854d-5591951c28a0",
          "title": "Checkout",
          "fullFile": "",
          "file": "",
          "beforeHooks": [],
          "afterHooks": [],
          "tests": [
            {
              "title": "adicionar um produto ao carrinho e finalizar a compra",
              "fullTitle": "Checkout adicionar um produto ao carrinho e finalizar a compra",
              "timedOut": null,
              "duration": 18255,
              "state": "passed",
              "speed": "slow",
              "pass": true,
              "fail": false,
              "pending": false,
              "context": null,
              "code": "cy.addProducts('Ajax Full-Zip Sweatshirt', 'M', 'Blue', '2');\nprodutos.preencherCheckout(dadosprodutos[0].nome, dadosprodutos[0].sobrenome, dadosprodutos[0].empresa, dadosprodutos[0].pais, dadosprodutos[0].endereco, dadosprodutos[0].complemento, dadosprodutos[0].cidade, dadosprodutos[0].estado, dadosprodutos[0].cep, dadosprodutos[0].telefone, dadosprodutos[0].email);\ncy.get('.woocommerce-notice').should('contain', 'Obrigado. Seu pedido foi recebido.');",
              "err": {},
              "uuid": "5feca424-d9c3-4554-8f1f-0048a4606b18",
              "parentUUID": "ea229612-7402-4896-854d-5591951c28a0",
              "isHook": false,
              "skipped": false
            }
          ],
          "suites": [],
          "passes": [
            "5feca424-d9c3-4554-8f1f-0048a4606b18"
          ],
          "failures": [],
          "pending": [],
          "skipped": [],
          "duration": 18255,
          "root": false,
          "rootEmpty": false,
          "_timeout": 2000
        }
      ],
      "passes": [],
      "failures": [],
      "pending": [],
      "skipped": [],
      "duration": 0,
      "root": true,
      "rootEmpty": true,
      "_timeout": 2000
    },
    {
      "uuid": "a745f886-039d-4868-b629-09c879435b99",
      "title": "",
      "fullFile": "cypress\\e2e\\Login\\login.cy.js",
      "file": "cypress\\e2e\\Login\\login.cy.js",
      "beforeHooks": [],
      "afterHooks": [],
      "tests": [],
      "suites": [
        {
          "uuid": "329c2bfd-a970-4a98-8cb4-674c9af80bbd",
          "title": "Dado que estou na pagina inicial",
          "fullFile": "",
          "file": "",
          "beforeHooks": [],
          "afterHooks": [],
          "tests": [],
          "suites": [
            {
              "uuid": "1d433eca-0a86-4bf8-83ac-9a603bc23d70",
              "title": "Quando eu faço login",
              "fullFile": "",
              "file": "",
              "beforeHooks": [],
              "afterHooks": [],
              "tests": [
                {
                  "title": "Então o nome do usuário deve aparecer na página de perfil",
                  "fullTitle": "Dado que estou na pagina inicial Quando eu faço login Então o nome do usuário deve aparecer na página de perfil",
                  "timedOut": null,
                  "duration": 3063,
                  "state": "passed",
                  "speed": "fast",
                  "pass": true,
                  "fail": false,
                  "pending": false,
                  "context": null,
                  "code": "profilePage.customerName().should('have.text', 'EBAC Cliente');",
                  "err": {},
                  "uuid": "99aabfa8-6d5e-4fe4-af29-b90643901da1",
                  "parentUUID": "1d433eca-0a86-4bf8-83ac-9a603bc23d70",
                  "isHook": false,
                  "skipped": false
                }
              ],
              "suites": [],
              "passes": [
                "99aabfa8-6d5e-4fe4-af29-b90643901da1"
              ],
              "failures": [],
              "pending": [],
              "skipped": [],
              "duration": 3063,
              "root": false,
              "rootEmpty": false,
              "_timeout": 2000
            }
          ],
          "passes": [],
          "failures": [],
          "pending": [],
          "skipped": [],
          "duration": 0,
          "root": false,
          "rootEmpty": false,
          "_timeout": 2000
        }
      ],
      "passes": [],
      "failures": [],
      "pending": [],
      "skipped": [],
      "duration": 0,
      "root": true,
      "rootEmpty": true,
      "_timeout": 2000
    },
    {
      "uuid": "a95f9802-1f57-4123-96ab-ec4146fcb428",
      "title": "",
      "fullFile": "cypress\\e2e\\Cadastro\\cadastroPageObjects.cy.js",
      "file": "cypress\\e2e\\Cadastro\\cadastroPageObjects.cy.js",
      "beforeHooks": [],
      "afterHooks": [],
      "tests": [],
      "suites": [
        {
          "uuid": "930c054a-4e82-49b9-870a-af9244053a08",
          "title": "Given - Dado que visito a Loja EBAC na página minha-conta",
          "fullFile": "",
          "file": "",
          "beforeHooks": [],
          "afterHooks": [],
          "tests": [
            {
              "title": "Then - Então deve aparecer cadastrado com sucesso",
              "fullTitle": "Given - Dado que visito a Loja EBAC na página minha-conta Then - Então deve aparecer cadastrado com sucesso",
              "timedOut": null,
              "duration": 5435,
              "state": "passed",
              "speed": "medium",
              "pass": true,
              "fail": false,
              "pending": false,
              "context": null,
              "code": "cy.location('pathname').should('be.equal', '/minha-conta/');\ncy.contains('h1', 'Minha conta').should('be.visible');",
              "err": {},
              "uuid": "356908f8-7947-4f7b-80af-db2f10ac9cc9",
              "parentUUID": "930c054a-4e82-49b9-870a-af9244053a08",
              "isHook": false,
              "skipped": false
            }
          ],
          "suites": [],
          "passes": [
            "356908f8-7947-4f7b-80af-db2f10ac9cc9"
          ],
          "failures": [],
          "pending": [],
          "skipped": [],
          "duration": 5435,
          "root": false,
          "rootEmpty": false,
          "_timeout": 2000
        }
      ],
      "passes": [],
      "failures": [],
      "pending": [],
      "skipped": [],
      "duration": 0,
      "root": true,
      "rootEmpty": true,
      "_timeout": 2000
    },
    {
      "uuid": "422667eb-fcbe-4648-98e6-aa735e425224",
      "title": "",
      "fullFile": "cypress\\e2e\\Intercept\\carrinho.cy.js",
      "file": "cypress\\e2e\\Intercept\\carrinho.cy.js",
      "beforeHooks": [],
      "afterHooks": [],
      "tests": [],
      "suites": [
        {
          "uuid": "565e32a1-c58f-4633-b344-161a8ab6961f",
          "title": "Utilize o intercept para simular e validar respostas dadas pela API",
          "fullFile": "",
          "file": "",
          "beforeHooks": [],
          "afterHooks": [],
          "tests": [
            {
              "title": "Verifique se o produto foi atualizado corretamente",
              "fullTitle": "Utilize o intercept para simular e validar respostas dadas pela API Verifique se o produto foi atualizado corretamente",
              "timedOut": null,
              "duration": 4904,
              "state": "passed",
              "speed": "fast",
              "pass": true,
              "fail": false,
              "pending": false,
              "context": null,
              "code": "cy.intercept('GET', '**/public/getProducts?limit=10&skip=0', {\n  fixture: 'categories.json'\n}).as('updateproduto');\ncarrinhoPage.addproduto();\ncarrinhoPage.updateCarrinho();\ncarrinhoPage.updateCarrinho().should('be.visible');",
              "err": {},
              "uuid": "92fa3503-dd1c-42c7-8407-c1267fa8c09c",
              "parentUUID": "565e32a1-c58f-4633-b344-161a8ab6961f",
              "isHook": false,
              "skipped": false
            }
          ],
          "suites": [],
          "passes": [
            "92fa3503-dd1c-42c7-8407-c1267fa8c09c"
          ],
          "failures": [],
          "pending": [],
          "skipped": [],
          "duration": 4904,
          "root": false,
          "rootEmpty": false,
          "_timeout": 2000
        }
      ],
      "passes": [],
      "failures": [],
      "pending": [],
      "skipped": [],
      "duration": 0,
      "root": true,
      "rootEmpty": true,
      "_timeout": 2000
    },
    {
      "uuid": "b4564c7a-e6e5-4418-89e4-048be2b76644",
      "title": "",
      "fullFile": "cypress\\e2e\\Checkout\\ckeckoutAppActions.cy.js",
      "file": "cypress\\e2e\\Checkout\\ckeckoutAppActions.cy.js",
      "beforeHooks": [],
      "afterHooks": [],
      "tests": [],
      "suites": [
        {
          "uuid": "ea229612-7402-4896-854d-5591951c28a0",
          "title": "Checkout",
          "fullFile": "",
          "file": "",
          "beforeHooks": [],
          "afterHooks": [],
          "tests": [
            {
              "title": "adicionar um produto ao carrinho e finalizar a compra",
              "fullTitle": "Checkout adicionar um produto ao carrinho e finalizar a compra",
              "timedOut": null,
              "duration": 18255,
              "state": "passed",
              "speed": "slow",
              "pass": true,
              "fail": false,
              "pending": false,
              "context": null,
              "code": "cy.addProducts('Ajax Full-Zip Sweatshirt', 'M', 'Blue', '2');\nprodutos.preencherCheckout(dadosprodutos[0].nome, dadosprodutos[0].sobrenome, dadosprodutos[0].empresa, dadosprodutos[0].pais, dadosprodutos[0].endereco, dadosprodutos[0].complemento, dadosprodutos[0].cidade, dadosprodutos[0].estado, dadosprodutos[0].cep, dadosprodutos[0].telefone, dadosprodutos[0].email);\ncy.get('.woocommerce-notice').should('contain', 'Obrigado. Seu pedido foi recebido.');",
              "err": {},
              "uuid": "5feca424-d9c3-4554-8f1f-0048a4606b18",
              "parentUUID": "ea229612-7402-4896-854d-5591951c28a0",
              "isHook": false,
              "skipped": false
            }
          ],
          "suites": [],
          "passes": [
            "5feca424-d9c3-4554-8f1f-0048a4606b18"
          ],
          "failures": [],
          "pending": [],
          "skipped": [],
          "duration": 18255,
          "root": false,
          "rootEmpty": false,
          "_timeout": 2000
        }
      ],
      "passes": [],
      "failures": [],
      "pending": [],
      "skipped": [],
      "duration": 0,
      "root": true,
      "rootEmpty": true,
      "_timeout": 2000
    },
    {
      "uuid": "a745f886-039d-4868-b629-09c879435b99",
      "title": "",
      "fullFile": "cypress\\e2e\\Login\\login.cy.js",
      "file": "cypress\\e2e\\Login\\login.cy.js",
      "beforeHooks": [],
      "afterHooks": [],
      "tests": [],
      "suites": [
        {
          "uuid": "329c2bfd-a970-4a98-8cb4-674c9af80bbd",
          "title": "Dado que estou na pagina inicial",
          "fullFile": "",
          "file": "",
          "beforeHooks": [],
          "afterHooks": [],
          "tests": [],
          "suites": [
            {
              "uuid": "1d433eca-0a86-4bf8-83ac-9a603bc23d70",
              "title": "Quando eu faço login",
              "fullFile": "",
              "file": "",
              "beforeHooks": [],
              "afterHooks": [],
              "tests": [
                {
                  "title": "Então o nome do usuário deve aparecer na página de perfil",
                  "fullTitle": "Dado que estou na pagina inicial Quando eu faço login Então o nome do usuário deve aparecer na página de perfil",
                  "timedOut": null,
                  "duration": 3063,
                  "state": "passed",
                  "speed": "fast",
                  "pass": true,
                  "fail": false,
                  "pending": false,
                  "context": null,
                  "code": "profilePage.customerName().should('have.text', 'EBAC Cliente');",
                  "err": {},
                  "uuid": "99aabfa8-6d5e-4fe4-af29-b90643901da1",
                  "parentUUID": "1d433eca-0a86-4bf8-83ac-9a603bc23d70",
                  "isHook": false,
                  "skipped": false
                }
              ],
              "suites": [],
              "passes": [
                "99aabfa8-6d5e-4fe4-af29-b90643901da1"
              ],
              "failures": [],
              "pending": [],
              "skipped": [],
              "duration": 3063,
              "root": false,
              "rootEmpty": false,
              "_timeout": 2000
            }
          ],
          "passes": [],
          "failures": [],
          "pending": [],
          "skipped": [],
          "duration": 0,
          "root": false,
          "rootEmpty": false,
          "_timeout": 2000
        }
      ],
      "passes": [],
      "failures": [],
      "pending": [],
      "skipped": [],
      "duration": 0,
      "root": true,
      "rootEmpty": true,
      "_timeout": 2000
    }
  ],
  "meta": {
    "mocha": {
      "version": "7.0.1"
    },
    "mochawesome": {
      "options": {
        "quiet": false,
        "reportFilename": "[name]-result",
        "saveHtml": true,
        "saveJson": true,
        "consoleReporter": "spec",
        "useInlineDiffs": false,
        "code": true
      },
      "version": "7.1.3"
    },
    "marge": {
      "options": {
        "reportFilename": "[name]-result",
        "html": true
      },
      "version": "6.2.0"
    }
  }
}